<?xml version="1.0" encoding="UTF-8"?>
<testsuite xmlns:xsi="http://www.w3.org/2001/XMLSchema-instance" xsi:noNamespaceSchemaLocation="https://maven.apache.org/surefire/maven-surefire-plugin/xsd/surefire-test-report-3.0.xsd" version="3.0" name="pt.tecnico.crypto.MACTest" time="0.031" tests="3" errors="0" skipped="0" failures="0">
  <properties>
[...]
</properties>
  <testcase name="testSignatureStepByStep" classname="pt.tecnico.crypto.MACTest" time="0.013">
    <system-out><![CDATA[TEST step-by-step message authentication code using cipher 'AES/ECB/PKCS5Padding' and digest 'SHA-256'
Text:
This is the plain text!
Bytes:
546869732069732074686520706C61696E207465787421
Signing...
Digest:
491E0B645F6D596B76529D2380B1BD96F5A1F7B83B51E64F49FD634D74CD7D15
CipherDigest:
C5B891DC12A45B68DBA640293DB3B4F6867206AF03A84109AE6DCE5B90D880B6939B4C370AE90258308038C70CDFE2D0
Verifying...
New digest:
491E0B645F6D596B76529D2380B1BD96F5A1F7B83B51E64F49FD634D74CD7D15
Deciphered Digest:
491E0B645F6D596B76529D2380B1BD96F5A1F7B83B51E64F49FD634D74CD7D15
MAC is right


]]></system-out>
  </testcase>
  <testcase name="testMACWithNonceFreshness" classname="pt.tecnico.crypto.MACTest" time="0.007">
    <system-out><![CDATA[=== TESTING MAC WITH RANDOM NONCE FRESHNESS ===
Plaintext: "This is the plain text!"

--- Sending Message #1 ---
  Nonce: 0240C833BB49CE3BE716EEDBBD72B157
  MAC: 3040E87C28741D497ADC6175BC1640207D89937A6591E7817323362AACBC47DD
Received nonce: 0240C833BB49CE3BE716EEDBBD72B157
MAC valid. Storing nonce.
Verification: SUCCESS 

--- Sending Message #2 ---
  Nonce: 2008C123D1D86CA7A09FEB551B726091
  MAC: BD401CDD82882D0E56556AA6078457BF63348154595F15496C44F448EAD8B854
Received nonce: 2008C123D1D86CA7A09FEB551B726091
MAC valid. Storing nonce.
Verification: SUCCESS 

--- Replay Attack: Resending Message #1 ---
Received nonce: 0240C833BB49CE3BE716EEDBBD72B157
REPLAY DETECTED! Nonce already used.
Replay detected: YES 

=== TEST PASSED ===
]]></system-out>
  </testcase>
  <testcase name="testMACObject" classname="pt.tecnico.crypto.MACTest" time="0.003">
    <system-out><![CDATA[TEST 'HmacSHA256' message authentication code.
Text:
This is the plain text!
Bytes:
546869732069732074686520706C61696E207465787421
Signing...
CipherDigest:
DB5349D61A641D4C5B487A89E8ED8104F50BF135D09A2C1C849D4E5B4578B4D8
Verifying...
MAC is right


]]></system-out>
  </testcase>
</testsuite>