<?xml version="1.0" encoding="UTF-8"?>
<testsuite xmlns:xsi="http://www.w3.org/2001/XMLSchema-instance" xsi:noNamespaceSchemaLocation="https://maven.apache.org/surefire/maven-surefire-plugin/xsd/surefire-test-report-3.0.xsd" version="3.0" name="pt.tecnico.crypto.XMLCryptoTest" time="0.148" tests="1" errors="0" skipped="0" failures="0">
  <properties>
[...]
</properties>
  <testcase name="testXMLCrypto" classname="pt.tecnico.crypto.XMLCryptoTest" time="0.133">
    <system-out><![CDATA[TEST 'AES/ECB/PKCS5Padding' with XML (textual) data
XML text:
<message><body>There and Back Again</body></message>
Parsing XML document from string bytes...
XML document contents:
<message><body>There and Back Again</body></message>
Body text:
There and Back Again
Bytes
546865726520616E64204261636B20416761696E
Ciphered bytes:
DE23FE30A0B83FA678A1DC59BD65BD6D5FC302BACD964638788EED57F00AB753
Ciphered bytes in Base64:
3iP+MKC4P6Z4odxZvWW9bV/DArrNlkY4eI7tV/AKt1M=
XML document with cipher body:
<message><cipherBody>3iP+MKC4P6Z4odxZvWW9bV/DArrNlkY4eI7tV/AKt1M=</cipherBody></message>
Cipher body text:
3iP+MKC4P6Z4odxZvWW9bV/DArrNlkY4eI7tV/AKt1M=
Ciphered bytes: DE23FE30A0B83FA678A1DC59BD65BD6D5FC302BACD964638788EED57F00AB753
Deciphered bytes:
546865726520616E64204261636B20416761696E
Body text:
There and Back Again
XML document with new body:
<message><body>There and Back Again</body></message>


]]></system-out>
  </testcase>
</testsuite>