<?xml version="1.0" encoding="UTF-8"?>
<testsuite xmlns:xsi="http://www.w3.org/2001/XMLSchema-instance" xsi:noNamespaceSchemaLocation="https://maven.apache.org/surefire/maven-surefire-plugin/xsd/surefire-test-report-3.0.xsd" version="3.0" name="pt.tecnico.crypto.DigitalSignatureTest" time="0.412" tests="2" errors="0" skipped="0" failures="0">
  <properties>
[...]
</properties>
  <testcase name="testSignatureStepByStep" classname="pt.tecnico.crypto.DigitalSignatureTest" time="0.274">
    <system-out><![CDATA[TEST step-by-step digital signature with cipher 'RSA/ECB/PKCS1Padding' and digest 'SHA-256'
Text:
This is the plain text!
Bytes:
546869732069732074686520706C61696E207465787421
Signing...
Digest:
491E0B645F6D596B76529D2380B1BD96F5A1F7B83B51E64F49FD634D74CD7D15
Cipher digest:
4912F28A9E2B5E16B2CF2A38F6879F2D7CF9840AC5B91C1D06D001687A4CC652766AE3C41116A769C71E2B12CC86C1E5DD5587307DE1E435A48285CAB3DEB7CAB1501B22D44FDE38034D15284EBB7D7512C21250FB46331E0EF0A0157242EC8246B425E1779866F6BC7DC3B9C6DC4B5DE8A71C12C64148D76647D8BCE44D73A674390F5A356513C3103A355FE4CBD48F02E472172D40857EFA397E8EE80F4B0FFE241640AAB676E4E4CDAD7A5D4BDA95950C4B0B86034794B56B56236FC3CB0ECF29A5658A4E13C6215449AFC54C9CD23BB7C7AB85D41AEF1EF32D035C9E9AFBE1A2AB3A978EF59BC35B296131704A6DD3CB708420637236760C1055ABD16A5D
Verifying...
New digest:
491E0B645F6D596B76529D2380B1BD96F5A1F7B83B51E64F49FD634D74CD7D15
Deciphered digest:
491E0B645F6D596B76529D2380B1BD96F5A1F7B83B51E64F49FD634D74CD7D15
Signature is right
]]></system-out>
  </testcase>
  <testcase name="testSignatureObject" classname="pt.tecnico.crypto.DigitalSignatureTest" time="0.136">
    <system-out><![CDATA[TEST 'SHA256withRSA' digital signature
Text:
This is the plain text!
Bytes:
546869732069732074686520706C61696E207465787421
Signing...
Verifying...
Signature is right
]]></system-out>
  </testcase>
</testsuite>