<?xml version="1.0" encoding="UTF-8"?>
<testsuite name="pt.tecnico.crypto.MACTest" time="0.173" tests="3" errors="0" skipped="0" failures="0">
  <properties>
[...]
</properties>
  <testcase name="pt.tecnico.crypto.MACTest.testMACWithNonceFreshness" classname="pt.tecnico.crypto.MACTest" time="0.16"/>
  <testcase name="pt.tecnico.crypto.MACTest.testMACObject" classname="pt.tecnico.crypto.MACTest" time="0.005"/>
  <testcase name="pt.tecnico.crypto.MACTest.testSignatureStepByStep" classname="pt.tecnico.crypto.MACTest" time="0.008"/>
</testsuite>