<?xml version="1.0" encoding="UTF-8"?>
<testsuite xmlns:xsi="http://www.w3.org/2001/XMLSchema-instance" xsi:noNamespaceSchemaLocation="https://maven.apache.org/surefire/maven-surefire-plugin/xsd/surefire-test-report-3.0.xsd" version="3.0" name="pt.tecnico.crypto.SymCryptoTest" time="0.091" tests="2" errors="0" skipped="0" failures="0">
  <properties>
[...]
</properties>
  <testcase name="testECBRepeatedPattern" classname="pt.tecnico.crypto.SymCryptoTest" time="0.071">
    <system-out><![CDATA[=== TEST ECB MODE WITH REPEATED PATTERN ===
Cipher: AES/ECB/PKCS5Padding
Plaintext: "aaaaaaaaaaaaaaaaaaaaaaaaaaaaaaaa"
Plaintext bytes: 6161616161616161616161616161616161616161616161616161616161616161

Key: 09925090D87075AD4539C00C457228E6

Key generated in 38.874 milliseconds

Provider: SunJCE Provider (implements RSA, DES, Triple DES, AES, Blowfish, ARCFOUR, RC2, PBE, Diffie-Hellman, HMAC, ChaCha20)

ENCRYPTING...
Ciphertext: 7B8372CAF1EA6C58F9F9774EB64F804F7B8372CAF1EA6C58F9F9774EB64F804F276DABCCFA5F1627F79EBFB72BA15469

Encryption done in 0.188 milliseconds

DECRYPTING...
Decrypted: aaaaaaaaaaaaaaaaaaaaaaaaaaaaaaaa

Decryption done in 0.031 milliseconds

ECB test passed

]]></system-out>
  </testcase>
  <testcase name="testCBCRepeatedPattern" classname="pt.tecnico.crypto.SymCryptoTest" time="0.004">
    <system-out><![CDATA[=== TEST CBC MODE WITH REPEATED PATTERN ===
Cipher: AES/CBC/PKCS5Padding
Plaintext: "aaaaaaaaaaaaaaaaaaaaaaaaaaaaaaaa"
Plaintext bytes: 6161616161616161616161616161616161616161616161616161616161616161

Key: 8F7063BF8641B4FAD9EA3C1A1FA0C028

Key generated in 0.162 milliseconds

Provider: SunJCE Provider (implements RSA, DES, Triple DES, AES, Blowfish, ARCFOUR, RC2, PBE, Diffie-Hellman, HMAC, ChaCha20)

Generated IV: B3B48486A45E7B29075DE24D0D0F1C92

>>> SECURITY: A random IV is generated for each encryption session.
>>> This IV must be stored/sent with the ciphertext for decryption.

ENCRYPTING...
Ciphertext: ED8AD3F69AE1737AA8B8D97CD7146E3C71C2F8048A7CC7E306CC05DBD8CBD431ED2F64F28260ADBE2A5665E3F2A06257

>>> ADVANTAGE: Even with identical plaintext blocks, the ciphertext
>>> appears random with no repeating patterns! Patterns are obfuscated.

Encryption done in 0.121 milliseconds

DECRYPTING...
Decrypted: aaaaaaaaaaaaaaaaaaaaaaaaaaaaaaaa

Decryption done in 0.030 milliseconds

CBC test passed

]]></system-out>
  </testcase>
</testsuite>