<?xml version="1.0" encoding="UTF-8"?>
<testsuite xmlns:xsi="http://www.w3.org/2001/XMLSchema-instance" xsi:noNamespaceSchemaLocation="https://maven.apache.org/surefire/maven-surefire-plugin/xsd/surefire-test-report-3.0.xsd" version="3.0" name="pt.tecnico.crypto.AsymCryptoTest" time="0.525" tests="2" errors="0" skipped="0" failures="0">
  <properties>
[...]
</properties>
  <testcase name="testCipherPublicDecipherPrivate" classname="pt.tecnico.crypto.AsymCryptoTest" time="0.411">
    <system-out><![CDATA[TEST 'RSA/ECB/PKCS1Padding' cipher with public, decipher with private
Text
This is the plain text!
Bytes:
546869732069732074686520706C61696E207465787421
Key pair generated in 321.237 milliseconds

Ciphering with public key...
Ciphered bytes:
8F02FCEBA3D7C6F19944758F7F8F78B156D689DB7148DEF3C7A786B7BF80E02AA2B09869C01203494AE6B8B66316B3BAD92CDDD066BF3CE8013571F19500ED228F2059163037F560ACCC35946A85963AB1EACE203803A597E0F2C39958EFE7791D271BA2888A38DBE4E8E23F7988BF86D4B55A5C0D4C4753DBEE5863D49CDAB0532E8298F812A2EC8A4186B1D02EC00BC64CF4AF5E0BF6D1AA44D7EBD2D6AEC618D475C358CF8E8B3474F005B8325C11D62C8B52DF2CC8CAA2D646DCFA678C7E159A3DC4D9534236656B9F31AE00D6C3BE449C513780038B5D44585EF4EB573738BB764C6DA6EA2F9269C81C2A18EC26D4599F3905DF7A764D47B8EEE700367F
Encryption completed in 0.809 milliseconds

Deciphering with private key...
Deciphered bytes:
546869732069732074686520706C61696E207465787421
Decryption completed in 4.832 milliseconds

Text:
This is the plain text!


]]></system-out>
  </testcase>
  <testcase name="testCipherPrivateDecipherPublic" classname="pt.tecnico.crypto.AsymCryptoTest" time="0.091">
    <system-out><![CDATA[TEST 'RSA/ECB/PKCS1Padding' cipher with private, decipher with public
Text:
This is the plain text!
Bytes:
546869732069732074686520706C61696E207465787421
Key pair generated in 79.087 milliseconds

Ciphering with private key...
Ciphered bytes:
1EC67CDE1D31E2770E61D5F7092133DA73E2722D2DA012BCA7ED0AF853C46BA38A271FB51FC949E3A4D0E9EC389639BED8F6C75E3856FF8D5F13DA26CA54A7D3974FF848B9CA29C65AAC3271B71190F5DDEAA1305E887EBAD3862BB053F7E39614F4238201E05CF5154A883A51312CA38C8F32601989618C7658D5A862BF1124D6ABB766C7B4C6C0FC4743632068DADB5CB9B34AFA2F94B6D2E76919AEEA049CA601597157DACE9AC3E12EECE1D976516CA7D9AAC0AF77560950393D4CF1F2C0AFD83B62C6C54E987822986FE5A7ECA5D192DDA8531103517FF90C01A6B74508C2B941CF7B88BE9E42AACDB604A2F39CC6E3210C3A075B77BACB288842F40CBA
Encryption completed in 5.646 milliseconds

Deciphering with public key...
Deciphered bytes:
546869732069732074686520706C61696E207465787421
Decryption completed in 0.174 milliseconds

Text:
This is the plain text!


]]></system-out>
  </testcase>
</testsuite>