<?xml version="1.0" encoding="UTF-8"?>
<testsuite xmlns:xsi="http://www.w3.org/2001/XMLSchema-instance" xsi:noNamespaceSchemaLocation="https://maven.apache.org/surefire/maven-surefire-plugin/xsd/surefire-test-report-3.0.xsd" version="3.0" name="pt.tecnico.crypto.SymCryptoTest" time="0.015" tests="2" errors="0" skipped="0" failures="0">
  <properties>
[...]
</properties>
  <testcase name="testECBRepeatedPattern" classname="pt.tecnico.crypto.SymCryptoTest" time="0.004">
    <system-out><![CDATA[=== TEST ECB MODE WITH REPEATED PATTERN ===
Cipher: AES/ECB/PKCS5Padding
Plaintext: "aaaaaaaaaaaaaaaaaaaaaaaaaaaaaaaa"
Plaintext bytes: 6161616161616161616161616161616161616161616161616161616161616161

Key: 50969A2400ADB7C27E96F5CF831951C9

Key generated in 0.201 milliseconds

Provider: SunJCE Provider (implements RSA, DES, Triple DES, AES, Blowfish, ARCFOUR, RC2, PBE, Diffie-Hellman, HMAC, ChaCha20)

ENCRYPTING...
Ciphertext: B56246DDDD20EF260887316ACA6CCF99B56246DDDD20EF260887316ACA6CCF99D386839CA2449E5C3ED72F99E137FE0F

Encryption done in 0.147 milliseconds

DECRYPTING...
Decrypted: aaaaaaaaaaaaaaaaaaaaaaaaaaaaaaaa

Decryption done in 0.050 milliseconds

ECB test passed

]]></system-out>
  </testcase>
  <testcase name="testCBCRepeatedPattern" classname="pt.tecnico.crypto.SymCryptoTest" time="0.006">
    <system-out><![CDATA[=== TEST CBC MODE WITH REPEATED PATTERN ===
Cipher: AES/CBC/PKCS5Padding
Plaintext: "aaaaaaaaaaaaaaaaaaaaaaaaaaaaaaaa"
Plaintext bytes: 6161616161616161616161616161616161616161616161616161616161616161

Key: 40987F27CE6B9D111BBEC6DDF2BBB0CE

Key generated in 0.150 milliseconds

Provider: SunJCE Provider (implements RSA, DES, Triple DES, AES, Blowfish, ARCFOUR, RC2, PBE, Diffie-Hellman, HMAC, ChaCha20)

Generated IV: DFB38869CFD6895476CE980DAE2E4E1D

>>> SECURITY: A random IV is generated for each encryption session.
>>> This IV must be stored/sent with the ciphertext for decryption.

ENCRYPTING...
Ciphertext: 31309F2904A2978911863B2177D56E3F6C4751A89F0309A759060A49F2E422BC84B43DD12F88F527D7A609461028EB4C

>>> ADVANTAGE: Even with identical plaintext blocks, the ciphertext
>>> appears random with no repeating patterns! Patterns are obfuscated.

Encryption done in 0.100 milliseconds

DECRYPTING...
Decrypted: aaaaaaaaaaaaaaaaaaaaaaaaaaaaaaaa

Decryption done in 0.060 milliseconds

CBC test passed

]]></system-out>
  </testcase>
</testsuite>